# JRE version: Java(TM) SE Runtime Environment (16.0.1+9) (build 16.0.1+9-24)
# Java VM: Java HotSpot(TM) 64-Bit Server VM (16.0.1+9-24, mixed mode, sharing, tiered, compressed oops, compressed class ptrs, g1 gc, windows-amd64)
GC Precious Log:
 CPUs: 4 total, 4 available
 Memory: 5940M
 Large Page Support: Disabled
 NUMA Support: Disabled
 Compressed Oops: Enabled (32-bit)
 Heap Region Size: 1M
 Heap Min Capacity: 8M
 Heap Initial Capacity: 94M
 Heap Max Capacity: 1486M
 Pre-touch: Disabled
 Parallel Workers: 4
 Concurrent Workers: 1
 Concurrent Refinement Workers: 4
 Periodic GC: Disabled
Heap:
 garbage-first heap   total 81920K, used 49069K [0x00000000a3200000, 0x0000000100000000)
  region size 1024K, 26 young (26624K), 0 survivors (0K)
 Metaspace       used 50905K, committed 51392K, reserved 1097728K
  class space    used 7110K, committed 7360K, reserved 1048576K
GC Heap History (20 events):
Event: 1001.611 GC heap before
{Heap before GC invocations=23 (full 2):
 garbage-first heap   total 75776K, used 57310K [0x00000000a3200000, 0x0000000100000000)
  region size 1024K, 35 young (35840K), 3 survivors (3072K)
 Metaspace       used 49997K, committed 50432K, reserved 1097728K
  class space    used 7008K, committed 7232K, reserved 1048576K
}
Event: 1001.616 GC heap after
{Heap after GC invocations=24 (full 2):
 garbage-first heap   total 75776K, used 25454K [0x00000000a3200000, 0x0000000100000000)
  region size 1024K, 1 young (1024K), 1 survivors (1024K)
 Metaspace       used 49997K, committed 50432K, reserved 1097728K
  class space    used 7008K, committed 7232K, reserved 1048576K
}
Event: 1002.097 GC heap before
{Heap before GC invocations=24 (full 2):
 garbage-first heap   total 75776K, used 58222K [0x00000000a3200000, 0x0000000100000000)
  region size 1024K, 34 young (34816K), 1 survivors (1024K)
 Metaspace       used 50232K, committed 50752K, reserved 1097728K
  class space    used 7031K, committed 7296K, reserved 1048576K
}
Event: 1002.106 GC heap after
{Heap after GC invocations=25 (full 2):
 garbage-first heap   total 91136K, used 28244K [0x00000000a3200000, 0x0000000100000000)
  region size 1024K, 3 young (3072K), 3 survivors (3072K)
 Metaspace       used 50232K, committed 50752K, reserved 1097728K
  class space    used 7031K, committed 7296K, reserved 1048576K
}
Event: 1048.551 GC heap before
{Heap before GC invocations=25 (full 2):
 garbage-first heap   total 91136K, used 38484K [0x00000000a3200000, 0x0000000100000000)
  region size 1024K, 14 young (14336K), 3 survivors (3072K)
 Metaspace       used 50235K, committed 50752K, reserved 1097728K
  class space    used 7031K, committed 7296K, reserved 1048576K
}
Event: 1048.638 GC heap after
{Heap after GC invocations=26 (full 3):
 garbage-first heap   total 81920K, used 23007K [0x00000000a3200000, 0x0000000100000000)
  region size 1024K, 0 young (0K), 0 survivors (0K)
 Metaspace       used 50225K, committed 50752K, reserved 1097728K
  class space    used 7030K, committed 7296K, reserved 1048576K
}
Event: 1049.323 GC heap before
{Heap before GC invocations=26 (full 3):
 garbage-first heap   total 81920K, used 62943K [0x00000000a3200000, 0x0000000100000000)
  region size 1024K, 40 young (40960K), 0 survivors (0K)
 Metaspace       used 50309K, committed 50816K, reserved 1097728K
  class space    used 7046K, committed 7296K, reserved 1048576K
}
Event: 1049.334 GC heap after
{Heap after GC invocations=27 (full 3):
 garbage-first heap   total 81920K, used 25810K [0x00000000a3200000, 0x0000000100000000)
  region size 1024K, 3 young (3072K), 3 survivors (3072K)
 Metaspace       used 50309K, committed 50816K, reserved 1097728K
  class space    used 7046K, committed 7296K, reserved 1048576K
}
Event: 1049.438 GC heap before
{Heap before GC invocations=27 (full 3):
 garbage-first heap   total 81920K, used 62674K [0x00000000a3200000, 0x0000000100000000)
  region size 1024K, 40 young (40960K), 3 survivors (3072K)
 Metaspace       used 50311K, committed 50816K, reserved 1097728K
  class space    used 7047K, committed 7296K, reserved 1048576K
}
Event: 1049.444 GC heap after
{Heap after GC invocations=28 (full 3):
 garbage-first heap   total 81920K, used 25844K [0x00000000a3200000, 0x0000000100000000)
  region size 1024K, 1 young (1024K), 1 survivors (1024K)
 Metaspace       used 50311K, committed 50816K, reserved 1097728K
  class space    used 7047K, committed 7296K, reserved 1048576K
}
Event: 1092.249 GC heap before
{Heap before GC invocations=28 (full 3):
 garbage-first heap   total 81920K, used 58612K [0x00000000a3200000, 0x0000000100000000)
  region size 1024K, 34 young (34816K), 1 survivors (1024K)
 Metaspace       used 50585K, committed 51136K, reserved 1097728K
  class space    used 7075K, committed 7360K, reserved 1048576K
}
Event: 1092.337 GC heap after
{Heap after GC invocations=29 (full 4):
 garbage-first heap   total 81920K, used 23261K [0x00000000a3200000, 0x0000000100000000)
  region size 1024K, 0 young (0K), 0 survivors (0K)
 Metaspace       used 50576K, committed 51136K, reserved 1097728K
  class space    used 7073K, committed 7360K, reserved 1048576K
}
Event: 1093.132 GC heap before
{Heap before GC invocations=29 (full 4):
 garbage-first heap   total 81920K, used 63197K [0x00000000a3200000, 0x0000000100000000)
  region size 1024K, 40 young (40960K), 0 survivors (0K)
 Metaspace       used 50638K, committed 51136K, reserved 1097728K
  class space    used 7084K, committed 7360K, reserved 1048576K
}
Event: 1093.138 GC heap after
{Heap after GC invocations=30 (full 4):
 garbage-first heap   total 81920K, used 25972K [0x00000000a3200000, 0x0000000100000000)
  region size 1024K, 3 young (3072K), 3 survivors (3072K)
 Metaspace       used 50638K, committed 51136K, reserved 1097728K
  class space    used 7084K, committed 7360K, reserved 1048576K
}
Event: 1093.271 GC heap before
{Heap before GC invocations=30 (full 4):
 garbage-first heap   total 81920K, used 62836K [0x00000000a3200000, 0x0000000100000000)
  region size 1024K, 40 young (40960K), 3 survivors (3072K)
 Metaspace       used 50638K, committed 51136K, reserved 1097728K
  class space    used 7084K, committed 7360K, reserved 1048576K
}
Event: 1093.276 GC heap after
{Heap after GC invocations=31 (full 4):
 garbage-first heap   total 81920K, used 26283K [0x00000000a3200000, 0x0000000100000000)
  region size 1024K, 1 young (1024K), 1 survivors (1024K)
 Metaspace       used 50638K, committed 51136K, reserved 1097728K
  class space    used 7084K, committed 7360K, reserved 1048576K
}
Event: 1219.646 GC heap before
{Heap before GC invocations=31 (full 4):
 garbage-first heap   total 81920K, used 65195K [0x00000000a3200000, 0x0000000100000000)
  region size 1024K, 39 young (39936K), 1 survivors (1024K)
 Metaspace       used 50857K, committed 51392K, reserved 1097728K
  class space    used 7099K, committed 7360K, reserved 1048576K
}
Event: 1219.656 GC heap after
{Heap after GC invocations=32 (full 4):
 garbage-first heap   total 81920K, used 28463K [0x00000000a3200000, 0x0000000100000000)
  region size 1024K, 3 young (3072K), 3 survivors (3072K)
 Metaspace       used 50857K, committed 51392K, reserved 1097728K
  class space    used 7099K, committed 7360K, reserved 1048576K
}
Event: 1219.695 GC heap before
{Heap before GC invocations=32 (full 4):
 garbage-first heap   total 81920K, used 28463K [0x00000000a3200000, 0x0000000100000000)
  region size 1024K, 4 young (4096K), 3 survivors (3072K)
 Metaspace       used 50857K, committed 51392K, reserved 1097728K
  class space    used 7099K, committed 7360K, reserved 1048576K
}
Event: 1219.799 GC heap after
{Heap after GC invocations=33 (full 5):
 garbage-first heap   total 81920K, used 23469K [0x00000000a3200000, 0x0000000100000000)
  region size 1024K, 0 young (0K), 0 survivors (0K)
 Metaspace       used 50847K, committed 51392K, reserved 1097728K
  class space    used 7098K, committed 7360K, reserved 1048576K
}

